Looking for git in: git
Using git 2.17.1 from git
> git rev-parse --show-toplevel
> git rev-parse --git-dir
Open repository: /usr/local/go/src/github.com/MOOVE-Network/location_service
> git status -z -u
> git check-ignore -v -z --stdin
> git symbolic-ref --short HEAD
> git rev-parse master
> git rev-parse --symbolic-full-name master@{u}
> git rev-list --left-right master...refs/remotes/origin/master
> git for-each-ref --format %(refname) %(objectname) --sort -committerdate
> git remote --verbose
> git config --get commit.template
> git check-ignore -v -z --stdin
> git show :web/trips.go
> git check-ignore -v -z --stdin
> git show :services/eta_service.go
> git check-ignore -v -z --stdin
> git show :services/duration_service.go
> git show :services/eta_service.go
> git show :services/duration_service.go
> git show :services/eta_service.go
> git show :services/duration_service.go
> git show :services/eta_service.go
> git show :services/duration_service.go
> git rev-parse --show-toplevel
> git rev-parse --git-dir
Open repository: /usr/local/go/src/googlemaps.github.io/maps
> git status -z -u
> git symbolic-ref --short HEAD
> git rev-parse master
> git rev-parse --symbolic-full-name master@{u}
> git rev-list --left-right master...refs/remotes/origin/master
> git for-each-ref --format %(refname) %(objectname) --sort -committerdate
> git remote --verbose
Failed to watch ref '/usr/local/go/src/googlemaps.github.io/maps/.git/refs/remotes/origin/master', is most likely packed.
Error: ENOENT: no such file or directory, watch '/usr/local/go/src/googlemaps.github.io/maps/.git/refs/remotes/origin/master'
	at FSWatcher.start (internal/fs/watchers.js:165:26)
	at Object.watch (fs.js:1270:11)
	at Object.t.watch (/usr/share/code/resources/app/extensions/git/dist/main.js:1:596797)
	at T.updateTransientWatchers (/usr/share/code/resources/app/extensions/git/dist/main.js:1:101168)
	at l.fire (/usr/share/code/resources/app/out/vs/workbench/services/extensions/node/extensionHostProcess.js:47:227)
	at E.updateModelState (/usr/share/code/resources/app/extensions/git/dist/main.js:1:120038)
> git config --get commit.template
> git show :directions.go
> git check-ignore -v -z --stdin
> git check-ignore -v -z --stdin
> git show :services/eta_service.go
> git show :web/trips.go
> git check-ignore -v -z --stdin
> git show :services/eta_service.go
> git show :web/trips.go
> git show :db/trip_location.go
> git check-ignore -v -z --stdin
> git show :web/trips.go
> git show :services/eta_service.go
> git show :db/utils.go
> git show :utils/common.go
> git check-ignore -v -z --stdin
> git check-ignore -v -z --stdin
> git show :main.go
> git show :web/server.go
> git show :web/update_current_location.go
> git show :main.go
> git show :web/update_current_location.go
> git show :services/eta_service.go
> git show :web/server.go
> git show :web/socket.go
> git rev-parse --show-toplevel
> git rev-parse --git-dir
Open repository: /usr/local/go/src/github.com/gorilla/websocket
> git status -z -u
> git check-ignore -v -z --stdin
> git check-ignore -v -z --stdin
> git symbolic-ref --short HEAD
> git rev-parse master
> git rev-parse --symbolic-full-name master@{u}
> git rev-list --left-right master...refs/remotes/origin/master
> git for-each-ref --format %(refname) %(objectname) --sort -committerdate
> git remote --verbose
Failed to watch ref '/usr/local/go/src/github.com/gorilla/websocket/.git/refs/remotes/origin/master', is most likely packed.
Error: ENOENT: no such file or directory, watch '/usr/local/go/src/github.com/gorilla/websocket/.git/refs/remotes/origin/master'
	at FSWatcher.start (internal/fs/watchers.js:165:26)
	at Object.watch (fs.js:1270:11)
	at Object.t.watch (/usr/share/code/resources/app/extensions/git/dist/main.js:1:596797)
	at T.updateTransientWatchers (/usr/share/code/resources/app/extensions/git/dist/main.js:1:101168)
	at l.fire (/usr/share/code/resources/app/out/vs/workbench/services/extensions/node/extensionHostProcess.js:47:227)
	at E.updateModelState (/usr/share/code/resources/app/extensions/git/dist/main.js:1:120038)
> git config --get commit.template
> git show :services/eta_service.go
> git check-ignore -v -z --stdin
> git show :web/server.go
> git show :web/socket.go
> git show :web/socket_helpers.go
> git show :web/socket.go
> git show :socketstore/location_update.go
> git check-ignore -v -z --stdin
> git show :web/socket.go
> git show :services/eta_service.go
> git show :web/socket.go
> git show :web/server.go
> git show :web/socket.go
> git show :web/socket_helpers.go
> git show :web/socket.go
> git show :socketstore/location_update.go
> git show :web/socket.go
> git show :main.go
> git check-ignore -v -z --stdin
> git show :web/server.go
> git show :web/api.go
> git show :db/heart_beat.go
> git check-ignore -v -z --stdin
> git show :web/server.go
> git show :web/api.go
> git show :web/server.go
> git show :web/api.go
> git show :web/server.go
