Looking for git in: git
Using git 2.17.1 from git
> git rev-parse --show-toplevel
> git rev-parse --git-dir
Open repository: /home/sachin/Desktop/workspace2/moove-location-service
> git status -z -u
> git show :main.go
> git check-ignore -v -z --stdin
> git symbolic-ref --short HEAD
> git rev-parse master
> git rev-parse --symbolic-full-name master@{u}
> git rev-list --left-right master...refs/remotes/origin/master
> git for-each-ref --format %(refname) %(objectname) --sort -committerdate
> git remote --verbose
> git config --get commit.template
> git show :services/eta_service.go
> git check-ignore -v -z --stdin
> git rev-parse --show-toplevel
fatal: not a git repository (or any of the parent directories): .git
> git show :db/trip.go
> git check-ignore -v -z --stdin
> git show :services/eta_service.go
> git show :db/trip.go
> git show :main.go
> git rev-parse --show-toplevel
fatal: not a git repository (or any of the parent directories): .git
> git rev-parse --show-toplevel
fatal: not a git repository (or any of the parent directories): .git
> git show :main.go
> git rev-parse --show-toplevel
fatal: not a git repository (or any of the parent directories): .git
> git rev-parse --show-toplevel
fatal: not a git repository (or any of the parent directories): .git
> git check-ignore -v -z --stdin
> git show :web/trips.go
> git rev-parse --show-toplevel
fatal: not a git repository (or any of the parent directories): .git
> git show :web/trips.go
> git show :main.go
> git rev-parse --show-toplevel
fatal: not a git repository (or any of the parent directories): .git
> git rev-parse --show-toplevel
fatal: not a git repository (or any of the parent directories): .git
> git show :web/trips.go
> git show :main.go
> git rev-parse --show-toplevel
fatal: not a git repository (or any of the parent directories): .git
> git show :web/trips.go
> git show :main.go
> git rev-parse --show-toplevel
fatal: not a git repository (or any of the parent directories): .git
> git show :web/server.go
> git rev-parse --show-toplevel
fatal: not a git repository (or any of the parent directories): .git
> git show :main.go
> git rev-parse --show-toplevel
fatal: not a git repository (or any of the parent directories): .git
> git rev-parse --show-toplevel
fatal: not a git repository (or any of the parent directories): .git
> git rev-parse --show-toplevel
fatal: not a git repository (or any of the parent directories): .git
> git show :main.go
> git rev-parse --show-toplevel
fatal: not a git repository (or any of the parent directories): .git
> git rev-parse --show-toplevel
fatal: not a git repository (or any of the parent directories): .git
> git rev-parse --show-toplevel
fatal: not a git repository (or any of the parent directories): .git
> git check-ignore -v -z --stdin
> git check-ignore -v -z --stdin
> git check-ignore -v -z --stdin
> git check-ignore -v -z --stdin
> git check-ignore -v -z --stdin
> git check-ignore -v -z --stdin
> git check-ignore -v -z --stdin
> git check-ignore -v -z --stdin
> git show :models/pg.go
> git show :location_service.service.example
> git rev-parse --show-toplevel
fatal: not a git repository (or any of the parent directories): .git
> git show :Makefile
> git rev-parse --show-toplevel
fatal: not a git repository (or any of the parent directories): .git
> git show :main.go
> git rev-parse --show-toplevel
fatal: not a git repository (or any of the parent directories): .git
> git show :Dockerfile
> git show :main.go
> git status -z -u
> git symbolic-ref --short HEAD
> git rev-parse master
> git rev-parse --symbolic-full-name master@{u}
> git rev-list --left-right master...refs/remotes/origin/master
> git for-each-ref --format %(refname) %(objectname) --sort -committerdate
> git remote --verbose
> git config --get commit.template
> git status -z -u
> git symbolic-ref --short HEAD
> git rev-parse master
> git rev-parse --symbolic-full-name master@{u}
> git rev-list --left-right master...refs/remotes/origin/master
> git for-each-ref --format %(refname) %(objectname) --sort -committerdate
> git remote --verbose
> git config --get commit.template
> git show :Dockerfile
> git show :main.go
> git rev-parse --show-toplevel
fatal: not a git repository (or any of the parent directories): .git
> git show :main.go
> git rev-parse --show-toplevel
fatal: not a git repository (or any of the parent directories): .git
> git show :web/server.go
> git show :Dockerfile
