Starting linting the current package at /home/sachin/Desktop/workspace2/moove-location-service
/home/sachin/Desktop/workspace2/moove-location-service>Finished running tool: /home/sachin/go/bin/golint

go.toolsGopath setting is not set. Using GOPATH /home/sachin/go
Installing 1 tool at /home/sachin/go/bin in module mode.
  gopls

Installing golang.org/x/tools/gopls SUCCEEDED

Reload VS Code window to use the Go language server
All tools successfully installed. You're ready to Go :).
Starting linting the current package at /usr/local/go/src/github.com/MOOVE-Network/location_service/db
Starting linting the current package at /usr/local/go/src/github.com/MOOVE-Network/location_service/db
/usr/local/go/src/github.com/MOOVE-Network/location_service/db>Finished running tool: /home/sachin/go/bin/golint
/usr/local/go/src/github.com/MOOVE-Network/location_service/db/configurator.go:10: exported type Configuration should have comment or be unexported
/usr/local/go/src/github.com/MOOVE-Network/location_service/db/heart_beat.go:10: exported type HeartBeat should have comment or be unexported
/usr/local/go/src/github.com/MOOVE-Network/location_service/db/heart_beat.go:17: exported method HeartBeat.Save should have comment or be unexported
/usr/local/go/src/github.com/MOOVE-Network/location_service/db/heart_beat.go:20: if block ends with a return statement, so drop this else and outdent its block
/usr/local/go/src/github.com/MOOVE-Network/location_service/db/heart_beat.go:25: exported method HeartBeat.SaveWithLatLng should have comment or be unexported
/usr/local/go/src/github.com/MOOVE-Network/location_service/db/heart_beat.go:36: exported method HeartBeat.SaveOnlyTime should have comment or be unexported
/usr/local/go/src/github.com/MOOVE-Network/location_service/db/mysql.go:12: exported function InitSQLConnection should have comment or be unexported
/usr/local/go/src/github.com/MOOVE-Network/location_service/db/mysql.go:13: var dbUrl should be dbURL
/usr/local/go/src/github.com/MOOVE-Network/location_service/db/mysql.go:25: exported function CurrentDB should have comment or be unexported
/usr/local/go/src/github.com/MOOVE-Network/location_service/db/mysql.go:29: exported function SetActiveDB should have comment or be unexported
/usr/local/go/src/github.com/MOOVE-Network/location_service/db/mysql_test.go:19: struct field Uid should be UID
/usr/local/go/src/github.com/MOOVE-Network/location_service/db/notification.go:37: don't use ALL_CAPS in Go names; use CamelCase
/usr/local/go/src/github.com/MOOVE-Network/location_service/db/notification.go:37: exported const TRIP_SHOULD_START should have comment or be unexported
/usr/local/go/src/github.com/MOOVE-Network/location_service/db/notification.go:38: don't use ALL_CAPS in Go names; use CamelCase
/usr/local/go/src/github.com/MOOVE-Network/location_service/db/notification.go:38: exported const TSS_SEQUENCE should have comment or be unexported
/usr/local/go/src/github.com/MOOVE-Network/location_service/db/notification.go:40: don't use ALL_CAPS in Go names; use CamelCase
/usr/local/go/src/github.com/MOOVE-Network/location_service/db/notification.go:40: exported const DRIVER_OVER_SPEEDING should have comment or be unexported
/usr/local/go/src/github.com/MOOVE-Network/location_service/db/notification.go:41: don't use ALL_CAPS in Go names; use CamelCase
/usr/local/go/src/github.com/MOOVE-Network/location_service/db/notification.go:41: exported const DOS_SEQUENCE should have comment or be unexported
/usr/local/go/src/github.com/MOOVE-Network/location_service/db/notification.go:43: don't use ALL_CAPS in Go names; use CamelCase
/usr/local/go/src/github.com/MOOVE-Network/location_service/db/notification.go:43: exported const FIRST_PICKUP_DELAYED should have comment or be unexported
/usr/local/go/src/github.com/MOOVE-Network/location_service/db/notification.go:44: don't use ALL_CAPS in Go names; use CamelCase
/usr/local/go/src/github.com/MOOVE-Network/location_service/db/notification.go:44: exported const FPD_SEQUENCE should have comment or be unexported
/usr/local/go/src/github.com/MOOVE-Network/location_service/db/notification.go:46: don't use ALL_CAPS in Go names; use CamelCase
/usr/local/go/src/github.com/MOOVE-Network/location_service/db/notification.go:46: exported const SITE_ARRIVAL_DELAY should have comment or be unexported
/usr/local/go/src/github.com/MOOVE-Network/location_service/db/notification.go:47: don't use ALL_CAPS in Go names; use CamelCase
/usr/local/go/src/github.com/MOOVE-Network/location_service/db/notification.go:47: exported const SAD_SEQUENCE should have comment or be unexported
/usr/local/go/src/github.com/MOOVE-Network/location_service/db/notification.go:49: exported type Receiver should have comment or be unexported
/usr/local/go/src/github.com/MOOVE-Network/location_service/db/notification.go:52: exported const Operator should have comment (or a comment on this block) or be unexported
/usr/local/go/src/github.com/MOOVE-Network/location_service/db/trip.go:98: exported method Trip.SetActualMileage should have comment or be unexported
/usr/local/go/src/github.com/MOOVE-Network/location_service/db/trip.go:196: exported method Trip.IsFirstPickupDelayed should have comment or be unexported
/usr/local/go/src/github.com/MOOVE-Network/location_service/db/trip.go:207: exported method Trip.TriggerFirstPickupDelayedNotification should have comment or be unexported
/usr/local/go/src/github.com/MOOVE-Network/location_service/db/trip.go:222: exported method Trip.GetTripRoute should have comment or be unexported
/usr/local/go/src/github.com/MOOVE-Network/location_service/db/trip.go:231: exported method Trip.IsCheckIn should have comment or be unexported
/usr/local/go/src/github.com/MOOVE-Network/location_service/db/trip.go:259: exported method Trip.GetDriverShouldStartTripLocation should have comment or be unexported
/usr/local/go/src/github.com/MOOVE-Network/location_service/db/trip_location.go:23: exported const GetTripLocationsByTripIDQuery should have comment or be unexported
/usr/local/go/src/github.com/MOOVE-Network/location_service/db/trip_location.go:77: exported function GetTripLocationsByTrip should have comment or be unexported
/usr/local/go/src/github.com/MOOVE-Network/location_service/db/trip_route.go:99: exported method TripRoute.IsSiteArrivalDelayed should have comment or be unexported
/usr/local/go/src/github.com/MOOVE-Network/location_service/db/trip_route.go:109: exported method TripRoute.TriggerSiteArrivalDelayNotification should have comment or be unexported
/usr/local/go/src/github.com/MOOVE-Network/location_service/db/trip_route.go:117: exported method TripRoute.UpdateDriverArrivedGeofenceInfo should have comment or be unexported
/usr/local/go/src/github.com/MOOVE-Network/location_service/db/trip_route.go:127: exported method TripRoute.UpdateCompletedGeofenceInfo should have comment or be unexported
/usr/local/go/src/github.com/MOOVE-Network/location_service/db/trip_route.go:137: exported function SaveEta should have comment or be unexported
/usr/local/go/src/github.com/MOOVE-Network/location_service/db/trip_route.go:137: func parameter trId should be trID
/usr/local/go/src/github.com/MOOVE-Network/location_service/db/user.go:5: exported type User should have comment or be unexported
/usr/local/go/src/github.com/MOOVE-Network/location_service/db/utils.go:10: exported type Location should have comment or be unexported
/usr/local/go/src/github.com/MOOVE-Network/location_service/db/utils.go:12: exported type Preparex should have comment or be unexported
/usr/local/go/src/github.com/MOOVE-Network/location_service/db/utils.go:17: exported type NamedExecer should have comment or be unexported
/usr/local/go/src/github.com/MOOVE-Network/location_service/db/utils.go:21: exported type RebindQueryer should have comment or be unexported
/usr/local/go/src/github.com/MOOVE-Network/location_service/db/utils.go:26: exported type Selectable should have comment or be unexported

/usr/local/go/src/github.com/MOOVE-Network/location_service/db>Finished running tool: /home/sachin/go/bin/golint
/usr/local/go/src/github.com/MOOVE-Network/location_service/db/configurator.go:10: exported type Configuration should have comment or be unexported
/usr/local/go/src/github.com/MOOVE-Network/location_service/db/heart_beat.go:10: exported type HeartBeat should have comment or be unexported
/usr/local/go/src/github.com/MOOVE-Network/location_service/db/heart_beat.go:17: exported method HeartBeat.Save should have comment or be unexported
/usr/local/go/src/github.com/MOOVE-Network/location_service/db/heart_beat.go:20: if block ends with a return statement, so drop this else and outdent its block
/usr/local/go/src/github.com/MOOVE-Network/location_service/db/heart_beat.go:25: exported method HeartBeat.SaveWithLatLng should have comment or be unexported
/usr/local/go/src/github.com/MOOVE-Network/location_service/db/heart_beat.go:36: exported method HeartBeat.SaveOnlyTime should have comment or be unexported
/usr/local/go/src/github.com/MOOVE-Network/location_service/db/mysql.go:12: exported function InitSQLConnection should have comment or be unexported
/usr/local/go/src/github.com/MOOVE-Network/location_service/db/mysql.go:13: var dbUrl should be dbURL
/usr/local/go/src/github.com/MOOVE-Network/location_service/db/mysql.go:25: exported function CurrentDB should have comment or be unexported
/usr/local/go/src/github.com/MOOVE-Network/location_service/db/mysql.go:29: exported function SetActiveDB should have comment or be unexported
/usr/local/go/src/github.com/MOOVE-Network/location_service/db/mysql_test.go:19: struct field Uid should be UID
/usr/local/go/src/github.com/MOOVE-Network/location_service/db/notification.go:37: don't use ALL_CAPS in Go names; use CamelCase
/usr/local/go/src/github.com/MOOVE-Network/location_service/db/notification.go:37: exported const TRIP_SHOULD_START should have comment or be unexported
/usr/local/go/src/github.com/MOOVE-Network/location_service/db/notification.go:38: don't use ALL_CAPS in Go names; use CamelCase
/usr/local/go/src/github.com/MOOVE-Network/location_service/db/notification.go:38: exported const TSS_SEQUENCE should have comment or be unexported
/usr/local/go/src/github.com/MOOVE-Network/location_service/db/notification.go:40: don't use ALL_CAPS in Go names; use CamelCase
/usr/local/go/src/github.com/MOOVE-Network/location_service/db/notification.go:40: exported const DRIVER_OVER_SPEEDING should have comment or be unexported
/usr/local/go/src/github.com/MOOVE-Network/location_service/db/notification.go:41: don't use ALL_CAPS in Go names; use CamelCase
/usr/local/go/src/github.com/MOOVE-Network/location_service/db/notification.go:41: exported const DOS_SEQUENCE should have comment or be unexported
/usr/local/go/src/github.com/MOOVE-Network/location_service/db/notification.go:43: don't use ALL_CAPS in Go names; use CamelCase
/usr/local/go/src/github.com/MOOVE-Network/location_service/db/notification.go:43: exported const FIRST_PICKUP_DELAYED should have comment or be unexported
/usr/local/go/src/github.com/MOOVE-Network/location_service/db/notification.go:44: don't use ALL_CAPS in Go names; use CamelCase
/usr/local/go/src/github.com/MOOVE-Network/location_service/db/notification.go:44: exported const FPD_SEQUENCE should have comment or be unexported
/usr/local/go/src/github.com/MOOVE-Network/location_service/db/notification.go:46: don't use ALL_CAPS in Go names; use CamelCase
/usr/local/go/src/github.com/MOOVE-Network/location_service/db/notification.go:46: exported const SITE_ARRIVAL_DELAY should have comment or be unexported
/usr/local/go/src/github.com/MOOVE-Network/location_service/db/notification.go:47: don't use ALL_CAPS in Go names; use CamelCase
/usr/local/go/src/github.com/MOOVE-Network/location_service/db/notification.go:47: exported const SAD_SEQUENCE should have comment or be unexported
/usr/local/go/src/github.com/MOOVE-Network/location_service/db/notification.go:49: exported type Receiver should have comment or be unexported
/usr/local/go/src/github.com/MOOVE-Network/location_service/db/notification.go:52: exported const Operator should have comment (or a comment on this block) or be unexported
/usr/local/go/src/github.com/MOOVE-Network/location_service/db/trip.go:98: exported method Trip.SetActualMileage should have comment or be unexported
/usr/local/go/src/github.com/MOOVE-Network/location_service/db/trip.go:196: exported method Trip.IsFirstPickupDelayed should have comment or be unexported
/usr/local/go/src/github.com/MOOVE-Network/location_service/db/trip.go:207: exported method Trip.TriggerFirstPickupDelayedNotification should have comment or be unexported
/usr/local/go/src/github.com/MOOVE-Network/location_service/db/trip.go:222: exported method Trip.GetTripRoute should have comment or be unexported
/usr/local/go/src/github.com/MOOVE-Network/location_service/db/trip.go:231: exported method Trip.IsCheckIn should have comment or be unexported
/usr/local/go/src/github.com/MOOVE-Network/location_service/db/trip.go:259: exported method Trip.GetDriverShouldStartTripLocation should have comment or be unexported
/usr/local/go/src/github.com/MOOVE-Network/location_service/db/trip_location.go:23: exported const GetTripLocationsByTripIDQuery should have comment or be unexported
/usr/local/go/src/github.com/MOOVE-Network/location_service/db/trip_location.go:77: exported function GetTripLocationsByTrip should have comment or be unexported
/usr/local/go/src/github.com/MOOVE-Network/location_service/db/trip_route.go:99: exported method TripRoute.IsSiteArrivalDelayed should have comment or be unexported
/usr/local/go/src/github.com/MOOVE-Network/location_service/db/trip_route.go:109: exported method TripRoute.TriggerSiteArrivalDelayNotification should have comment or be unexported
/usr/local/go/src/github.com/MOOVE-Network/location_service/db/trip_route.go:117: exported method TripRoute.UpdateDriverArrivedGeofenceInfo should have comment or be unexported
/usr/local/go/src/github.com/MOOVE-Network/location_service/db/trip_route.go:127: exported method TripRoute.UpdateCompletedGeofenceInfo should have comment or be unexported
/usr/local/go/src/github.com/MOOVE-Network/location_service/db/trip_route.go:137: exported function SaveEta should have comment or be unexported
/usr/local/go/src/github.com/MOOVE-Network/location_service/db/trip_route.go:137: func parameter trId should be trID
/usr/local/go/src/github.com/MOOVE-Network/location_service/db/user.go:5: exported type User should have comment or be unexported
/usr/local/go/src/github.com/MOOVE-Network/location_service/db/utils.go:10: exported type Location should have comment or be unexported
/usr/local/go/src/github.com/MOOVE-Network/location_service/db/utils.go:12: exported type Preparex should have comment or be unexported
/usr/local/go/src/github.com/MOOVE-Network/location_service/db/utils.go:17: exported type NamedExecer should have comment or be unexported
/usr/local/go/src/github.com/MOOVE-Network/location_service/db/utils.go:21: exported type RebindQueryer should have comment or be unexported
/usr/local/go/src/github.com/MOOVE-Network/location_service/db/utils.go:26: exported type Selectable should have comment or be unexported

Starting linting the current package at /home/sachin/Desktop/workspace2/moove-location-service
/home/sachin/Desktop/workspace2/moove-location-service>Finished running tool: /home/sachin/go/bin/golint

Starting linting the current package at /home/sachin/Desktop/workspace2/moove-location-service
/home/sachin/Desktop/workspace2/moove-location-service>Finished running tool: /home/sachin/go/bin/golint

