[2019-12-19 01:40:30.156] [exthost] [info] extension host started
[2019-12-19 01:40:30.186] [exthost] [info] ExtensionService#_doActivateExtension vscode.debug-auto-launch {"startup":true,"extensionId":{"value":"vscode.debug-auto-launch","_lower":"vscode.debug-auto-launch"},"activationEvent":"*"}
[2019-12-19 01:40:30.186] [exthost] [info] ExtensionService#loadCommonJSModule file:///usr/share/code/resources/app/extensions/debug-auto-launch/dist/extension
[2019-12-19 01:40:30.192] [exthost] [info] ExtensionService#_doActivateExtension vscode.emmet {"startup":true,"extensionId":{"value":"vscode.emmet","_lower":"vscode.emmet"},"activationEvent":"*"}
[2019-12-19 01:40:30.192] [exthost] [info] ExtensionService#loadCommonJSModule file:///usr/share/code/resources/app/extensions/emmet/dist/extension
[2019-12-19 01:40:30.217] [exthost] [info] ExtensionService#_doActivateExtension vscode.git {"startup":true,"extensionId":{"value":"vscode.git","_lower":"vscode.git"},"activationEvent":"*"}
[2019-12-19 01:40:30.217] [exthost] [info] ExtensionService#loadCommonJSModule file:///usr/share/code/resources/app/extensions/git/dist/main
[2019-12-19 01:40:30.385] [exthost] [info] ExtensionService#_doActivateExtension vscode.merge-conflict {"startup":true,"extensionId":{"value":"vscode.merge-conflict","_lower":"vscode.merge-conflict"},"activationEvent":"*"}
[2019-12-19 01:40:30.385] [exthost] [info] ExtensionService#loadCommonJSModule file:///usr/share/code/resources/app/extensions/merge-conflict/dist/extension
[2019-12-19 01:40:30.387] [exthost] [info] ExtensionService#_doActivateExtension eamodio.gitlens {"startup":true,"extensionId":{"value":"eamodio.gitlens","_lower":"eamodio.gitlens"},"activationEvent":"*"}
[2019-12-19 01:40:30.387] [exthost] [info] ExtensionService#loadCommonJSModule file:///home/sachin/.vscode/extensions/eamodio.gitlens-10.2.0/dist/extension
[2019-12-19 01:40:30.407] [exthost] [info] ExtensionService#_doActivateExtension esbenp.prettier-vscode {"startup":true,"extensionId":{"value":"esbenp.prettier-vscode","_lower":"esbenp.prettier-vscode"},"activationEvent":"*"}
[2019-12-19 01:40:30.407] [exthost] [info] ExtensionService#loadCommonJSModule file:///home/sachin/.vscode/extensions/esbenp.prettier-vscode-3.16.1/dist/extension
[2019-12-19 01:40:30.439] [exthost] [info] ExtensionService#_doActivateExtension HookyQR.beautify {"startup":true,"extensionId":{"value":"HookyQR.beautify","_lower":"hookyqr.beautify"},"activationEvent":"*"}
[2019-12-19 01:40:30.439] [exthost] [info] ExtensionService#loadCommonJSModule file:///home/sachin/.vscode/extensions/hookyqr.beautify-1.5.0/extension
[2019-12-19 01:40:31.055] [exthost] [info] eager extensions activated
[2019-12-19 01:40:43.611] [exthost] [info] ExtensionService#_doActivateExtension ms-vscode.Go {"startup":false,"extensionId":{"value":"ms-vscode.Go","_lower":"ms-vscode.go"},"activationEvent":"onLanguage:go"}
[2019-12-19 01:40:43.611] [exthost] [info] ExtensionService#loadCommonJSModule file:///home/sachin/.vscode/extensions/ms-vscode.go-0.11.9/out/src/goMain
[2019-12-19 01:43:29.485] [exthost] [warning] ms-vscode.Go - Code actions of kind 'source.organizeImports 'requested but returned code action is of kind 'quickfix'. Code action will be dropped. Please check 'CodeActionContext.only' to only return requested code actions.
[2019-12-19 01:55:10.496] [exthost] [warning] ms-vscode.Go - Code actions of kind 'source.organizeImports 'requested but returned code action is of kind 'quickfix'. Code action will be dropped. Please check 'CodeActionContext.only' to only return requested code actions.
[2019-12-19 01:55:24.422] [exthost] [warning] ms-vscode.Go - Code actions of kind 'quickfix 'requested but returned code action is of kind 'source.organizeImports'. Code action will be dropped. Please check 'CodeActionContext.only' to only return requested code actions.
[2019-12-19 02:08:43.864] [exthost] [info] ExtensionService#_doActivateExtension vscode.debug-server-ready {"startup":false,"extensionId":{"value":"vscode.debug-server-ready","_lower":"vscode.debug-server-ready"},"activationEvent":"onDebugResolve"}
[2019-12-19 02:08:43.864] [exthost] [info] ExtensionService#loadCommonJSModule file:///usr/share/code/resources/app/extensions/debug-server-ready/dist/extension
[2019-12-19 02:23:56.105] [exthost] [error] [ms-vscode.Go] provider FAILED
[2019-12-19 02:23:56.106] [exthost] [error] Error: selectionRange must be contained in fullRange
	at Function.validate (/usr/share/code/resources/app/out/vs/workbench/services/extensions/node/extensionHostProcess.js:365:679)
	at new w (/usr/share/code/resources/app/out/vs/workbench/services/extensions/node/extensionHostProcess.js:365:547)
	at new w (/usr/share/code/resources/app/out/vs/workbench/services/extensions/node/extensionHostProcess.js:354:169)
	at asDocumentSymbol (/home/sachin/.vscode/extensions/ms-vscode.go-0.11.9/node_modules/vscode-languageclient/lib/protocolConverter.js:396:22)
	at Array.map (<anonymous>)
	at Object.asDocumentSymbols (/home/sachin/.vscode/extensions/ms-vscode.go-0.11.9/node_modules/vscode-languageclient/lib/protocolConverter.js:393:23)
	at /home/sachin/.vscode/extensions/ms-vscode.go-0.11.9/node_modules/vscode-languageclient/lib/client.js:1002:62
[2019-12-19 02:24:00.844] [exthost] [error] [ms-vscode.Go] provider FAILED
[2019-12-19 02:24:00.845] [exthost] [error] Error: selectionRange must be contained in fullRange
	at Function.validate (/usr/share/code/resources/app/out/vs/workbench/services/extensions/node/extensionHostProcess.js:365:679)
	at new w (/usr/share/code/resources/app/out/vs/workbench/services/extensions/node/extensionHostProcess.js:365:547)
	at new w (/usr/share/code/resources/app/out/vs/workbench/services/extensions/node/extensionHostProcess.js:354:169)
	at asDocumentSymbol (/home/sachin/.vscode/extensions/ms-vscode.go-0.11.9/node_modules/vscode-languageclient/lib/protocolConverter.js:396:22)
	at Array.map (<anonymous>)
	at Object.asDocumentSymbols (/home/sachin/.vscode/extensions/ms-vscode.go-0.11.9/node_modules/vscode-languageclient/lib/protocolConverter.js:393:23)
	at /home/sachin/.vscode/extensions/ms-vscode.go-0.11.9/node_modules/vscode-languageclient/lib/client.js:1002:62
[2019-12-19 02:24:03.172] [exthost] [error] [ms-vscode.Go] provider FAILED
[2019-12-19 02:24:03.172] [exthost] [error] Error: selectionRange must be contained in fullRange
	at Function.validate (/usr/share/code/resources/app/out/vs/workbench/services/extensions/node/extensionHostProcess.js:365:679)
	at new w (/usr/share/code/resources/app/out/vs/workbench/services/extensions/node/extensionHostProcess.js:365:547)
	at new w (/usr/share/code/resources/app/out/vs/workbench/services/extensions/node/extensionHostProcess.js:354:169)
	at asDocumentSymbol (/home/sachin/.vscode/extensions/ms-vscode.go-0.11.9/node_modules/vscode-languageclient/lib/protocolConverter.js:396:22)
	at Array.map (<anonymous>)
	at Object.asDocumentSymbols (/home/sachin/.vscode/extensions/ms-vscode.go-0.11.9/node_modules/vscode-languageclient/lib/protocolConverter.js:393:23)
	at /home/sachin/.vscode/extensions/ms-vscode.go-0.11.9/node_modules/vscode-languageclient/lib/client.js:1002:62
[2019-12-19 02:24:08.829] [exthost] [error] [ms-vscode.Go] provider FAILED
[2019-12-19 02:24:08.829] [exthost] [error] Error: selectionRange must be contained in fullRange
	at Function.validate (/usr/share/code/resources/app/out/vs/workbench/services/extensions/node/extensionHostProcess.js:365:679)
	at new w (/usr/share/code/resources/app/out/vs/workbench/services/extensions/node/extensionHostProcess.js:365:547)
	at new w (/usr/share/code/resources/app/out/vs/workbench/services/extensions/node/extensionHostProcess.js:354:169)
	at asDocumentSymbol (/home/sachin/.vscode/extensions/ms-vscode.go-0.11.9/node_modules/vscode-languageclient/lib/protocolConverter.js:396:22)
	at Array.map (<anonymous>)
	at Object.asDocumentSymbols (/home/sachin/.vscode/extensions/ms-vscode.go-0.11.9/node_modules/vscode-languageclient/lib/protocolConverter.js:393:23)
	at /home/sachin/.vscode/extensions/ms-vscode.go-0.11.9/node_modules/vscode-languageclient/lib/client.js:1002:62
[2019-12-19 02:24:10.872] [exthost] [error] [ms-vscode.Go] provider FAILED
[2019-12-19 02:24:10.873] [exthost] [error] Error: selectionRange must be contained in fullRange
	at Function.validate (/usr/share/code/resources/app/out/vs/workbench/services/extensions/node/extensionHostProcess.js:365:679)
	at new w (/usr/share/code/resources/app/out/vs/workbench/services/extensions/node/extensionHostProcess.js:365:547)
	at new w (/usr/share/code/resources/app/out/vs/workbench/services/extensions/node/extensionHostProcess.js:354:169)
	at asDocumentSymbol (/home/sachin/.vscode/extensions/ms-vscode.go-0.11.9/node_modules/vscode-languageclient/lib/protocolConverter.js:396:22)
	at Array.map (<anonymous>)
	at Object.asDocumentSymbols (/home/sachin/.vscode/extensions/ms-vscode.go-0.11.9/node_modules/vscode-languageclient/lib/protocolConverter.js:393:23)
	at /home/sachin/.vscode/extensions/ms-vscode.go-0.11.9/node_modules/vscode-languageclient/lib/client.js:1002:62
[2019-12-19 02:24:20.675] [exthost] [error] [ms-vscode.Go] provider FAILED
[2019-12-19 02:24:20.676] [exthost] [error] Error: selectionRange must be contained in fullRange
	at Function.validate (/usr/share/code/resources/app/out/vs/workbench/services/extensions/node/extensionHostProcess.js:365:679)
	at new w (/usr/share/code/resources/app/out/vs/workbench/services/extensions/node/extensionHostProcess.js:365:547)
	at new w (/usr/share/code/resources/app/out/vs/workbench/services/extensions/node/extensionHostProcess.js:354:169)
	at asDocumentSymbol (/home/sachin/.vscode/extensions/ms-vscode.go-0.11.9/node_modules/vscode-languageclient/lib/protocolConverter.js:396:22)
	at Array.map (<anonymous>)
	at Object.asDocumentSymbols (/home/sachin/.vscode/extensions/ms-vscode.go-0.11.9/node_modules/vscode-languageclient/lib/protocolConverter.js:393:23)
	at /home/sachin/.vscode/extensions/ms-vscode.go-0.11.9/node_modules/vscode-languageclient/lib/client.js:1002:62
[2019-12-19 02:24:29.464] [exthost] [error] [ms-vscode.Go] provider FAILED
[2019-12-19 02:24:29.464] [exthost] [error] Error: selectionRange must be contained in fullRange
	at Function.validate (/usr/share/code/resources/app/out/vs/workbench/services/extensions/node/extensionHostProcess.js:365:679)
	at new w (/usr/share/code/resources/app/out/vs/workbench/services/extensions/node/extensionHostProcess.js:365:547)
	at new w (/usr/share/code/resources/app/out/vs/workbench/services/extensions/node/extensionHostProcess.js:354:169)
	at asDocumentSymbol (/home/sachin/.vscode/extensions/ms-vscode.go-0.11.9/node_modules/vscode-languageclient/lib/protocolConverter.js:396:22)
	at Array.map (<anonymous>)
	at Object.asDocumentSymbols (/home/sachin/.vscode/extensions/ms-vscode.go-0.11.9/node_modules/vscode-languageclient/lib/protocolConverter.js:393:23)
	at /home/sachin/.vscode/extensions/ms-vscode.go-0.11.9/node_modules/vscode-languageclient/lib/client.js:1002:62
[2019-12-19 02:24:36.088] [exthost] [error] [ms-vscode.Go] provider FAILED
[2019-12-19 02:24:36.088] [exthost] [error] Error: selectionRange must be contained in fullRange
	at Function.validate (/usr/share/code/resources/app/out/vs/workbench/services/extensions/node/extensionHostProcess.js:365:679)
	at new w (/usr/share/code/resources/app/out/vs/workbench/services/extensions/node/extensionHostProcess.js:365:547)
	at new w (/usr/share/code/resources/app/out/vs/workbench/services/extensions/node/extensionHostProcess.js:354:169)
	at asDocumentSymbol (/home/sachin/.vscode/extensions/ms-vscode.go-0.11.9/node_modules/vscode-languageclient/lib/protocolConverter.js:396:22)
	at Array.map (<anonymous>)
	at Object.asDocumentSymbols (/home/sachin/.vscode/extensions/ms-vscode.go-0.11.9/node_modules/vscode-languageclient/lib/protocolConverter.js:393:23)
	at /home/sachin/.vscode/extensions/ms-vscode.go-0.11.9/node_modules/vscode-languageclient/lib/client.js:1002:62
[2019-12-19 02:24:40.500] [exthost] [error] [ms-vscode.Go] provider FAILED
[2019-12-19 02:24:40.500] [exthost] [error] Error: selectionRange must be contained in fullRange
	at Function.validate (/usr/share/code/resources/app/out/vs/workbench/services/extensions/node/extensionHostProcess.js:365:679)
	at new w (/usr/share/code/resources/app/out/vs/workbench/services/extensions/node/extensionHostProcess.js:365:547)
	at new w (/usr/share/code/resources/app/out/vs/workbench/services/extensions/node/extensionHostProcess.js:354:169)
	at asDocumentSymbol (/home/sachin/.vscode/extensions/ms-vscode.go-0.11.9/node_modules/vscode-languageclient/lib/protocolConverter.js:396:22)
	at Array.map (<anonymous>)
	at Object.asDocumentSymbols (/home/sachin/.vscode/extensions/ms-vscode.go-0.11.9/node_modules/vscode-languageclient/lib/protocolConverter.js:393:23)
	at /home/sachin/.vscode/extensions/ms-vscode.go-0.11.9/node_modules/vscode-languageclient/lib/client.js:1002:62
[2019-12-19 02:24:45.956] [exthost] [error] [ms-vscode.Go] provider FAILED
[2019-12-19 02:24:45.956] [exthost] [error] Error: selectionRange must be contained in fullRange
	at Function.validate (/usr/share/code/resources/app/out/vs/workbench/services/extensions/node/extensionHostProcess.js:365:679)
	at new w (/usr/share/code/resources/app/out/vs/workbench/services/extensions/node/extensionHostProcess.js:365:547)
	at new w (/usr/share/code/resources/app/out/vs/workbench/services/extensions/node/extensionHostProcess.js:354:169)
	at asDocumentSymbol (/home/sachin/.vscode/extensions/ms-vscode.go-0.11.9/node_modules/vscode-languageclient/lib/protocolConverter.js:396:22)
	at Array.map (<anonymous>)
	at Object.asDocumentSymbols (/home/sachin/.vscode/extensions/ms-vscode.go-0.11.9/node_modules/vscode-languageclient/lib/protocolConverter.js:393:23)
	at /home/sachin/.vscode/extensions/ms-vscode.go-0.11.9/node_modules/vscode-languageclient/lib/client.js:1002:62
[2019-12-19 02:24:55.390] [exthost] [error] [ms-vscode.Go] provider FAILED
[2019-12-19 02:24:55.390] [exthost] [error] Error: selectionRange must be contained in fullRange
	at Function.validate (/usr/share/code/resources/app/out/vs/workbench/services/extensions/node/extensionHostProcess.js:365:679)
	at new w (/usr/share/code/resources/app/out/vs/workbench/services/extensions/node/extensionHostProcess.js:365:547)
	at new w (/usr/share/code/resources/app/out/vs/workbench/services/extensions/node/extensionHostProcess.js:354:169)
	at asDocumentSymbol (/home/sachin/.vscode/extensions/ms-vscode.go-0.11.9/node_modules/vscode-languageclient/lib/protocolConverter.js:396:22)
	at Array.map (<anonymous>)
	at Object.asDocumentSymbols (/home/sachin/.vscode/extensions/ms-vscode.go-0.11.9/node_modules/vscode-languageclient/lib/protocolConverter.js:393:23)
	at /home/sachin/.vscode/extensions/ms-vscode.go-0.11.9/node_modules/vscode-languageclient/lib/client.js:1002:62
[2019-12-19 02:25:02.137] [exthost] [error] [ms-vscode.Go] provider FAILED
[2019-12-19 02:25:02.137] [exthost] [error] Error: selectionRange must be contained in fullRange
	at Function.validate (/usr/share/code/resources/app/out/vs/workbench/services/extensions/node/extensionHostProcess.js:365:679)
	at new w (/usr/share/code/resources/app/out/vs/workbench/services/extensions/node/extensionHostProcess.js:365:547)
	at new w (/usr/share/code/resources/app/out/vs/workbench/services/extensions/node/extensionHostProcess.js:354:169)
	at asDocumentSymbol (/home/sachin/.vscode/extensions/ms-vscode.go-0.11.9/node_modules/vscode-languageclient/lib/protocolConverter.js:396:22)
	at Array.map (<anonymous>)
	at Object.asDocumentSymbols (/home/sachin/.vscode/extensions/ms-vscode.go-0.11.9/node_modules/vscode-languageclient/lib/protocolConverter.js:393:23)
	at /home/sachin/.vscode/extensions/ms-vscode.go-0.11.9/node_modules/vscode-languageclient/lib/client.js:1002:62
[2019-12-19 02:25:07.142] [exthost] [error] [ms-vscode.Go] provider FAILED
[2019-12-19 02:25:07.143] [exthost] [error] Error: selectionRange must be contained in fullRange
	at Function.validate (/usr/share/code/resources/app/out/vs/workbench/services/extensions/node/extensionHostProcess.js:365:679)
	at new w (/usr/share/code/resources/app/out/vs/workbench/services/extensions/node/extensionHostProcess.js:365:547)
	at new w (/usr/share/code/resources/app/out/vs/workbench/services/extensions/node/extensionHostProcess.js:354:169)
	at asDocumentSymbol (/home/sachin/.vscode/extensions/ms-vscode.go-0.11.9/node_modules/vscode-languageclient/lib/protocolConverter.js:396:22)
	at Array.map (<anonymous>)
	at Object.asDocumentSymbols (/home/sachin/.vscode/extensions/ms-vscode.go-0.11.9/node_modules/vscode-languageclient/lib/protocolConverter.js:393:23)
	at /home/sachin/.vscode/extensions/ms-vscode.go-0.11.9/node_modules/vscode-languageclient/lib/client.js:1002:62
[2019-12-19 02:25:12.723] [exthost] [error] [ms-vscode.Go] provider FAILED
[2019-12-19 02:25:12.723] [exthost] [error] Error: selectionRange must be contained in fullRange
	at Function.validate (/usr/share/code/resources/app/out/vs/workbench/services/extensions/node/extensionHostProcess.js:365:679)
	at new w (/usr/share/code/resources/app/out/vs/workbench/services/extensions/node/extensionHostProcess.js:365:547)
	at new w (/usr/share/code/resources/app/out/vs/workbench/services/extensions/node/extensionHostProcess.js:354:169)
	at asDocumentSymbol (/home/sachin/.vscode/extensions/ms-vscode.go-0.11.9/node_modules/vscode-languageclient/lib/protocolConverter.js:396:22)
	at Array.map (<anonymous>)
	at Object.asDocumentSymbols (/home/sachin/.vscode/extensions/ms-vscode.go-0.11.9/node_modules/vscode-languageclient/lib/protocolConverter.js:393:23)
	at /home/sachin/.vscode/extensions/ms-vscode.go-0.11.9/node_modules/vscode-languageclient/lib/client.js:1002:62
[2019-12-19 02:26:45.288] [exthost] [error] [ms-vscode.Go] provider FAILED
[2019-12-19 02:26:45.289] [exthost] [error] Error: selectionRange must be contained in fullRange
	at Function.validate (/usr/share/code/resources/app/out/vs/workbench/services/extensions/node/extensionHostProcess.js:365:679)
	at new w (/usr/share/code/resources/app/out/vs/workbench/services/extensions/node/extensionHostProcess.js:365:547)
	at new w (/usr/share/code/resources/app/out/vs/workbench/services/extensions/node/extensionHostProcess.js:354:169)
	at asDocumentSymbol (/home/sachin/.vscode/extensions/ms-vscode.go-0.11.9/node_modules/vscode-languageclient/lib/protocolConverter.js:396:22)
	at Array.map (<anonymous>)
	at Object.asDocumentSymbols (/home/sachin/.vscode/extensions/ms-vscode.go-0.11.9/node_modules/vscode-languageclient/lib/protocolConverter.js:393:23)
	at /home/sachin/.vscode/extensions/ms-vscode.go-0.11.9/node_modules/vscode-languageclient/lib/client.js:1002:62
[2019-12-19 02:26:47.519] [exthost] [error] [ms-vscode.Go] provider FAILED
[2019-12-19 02:26:47.519] [exthost] [error] Error: selectionRange must be contained in fullRange
	at Function.validate (/usr/share/code/resources/app/out/vs/workbench/services/extensions/node/extensionHostProcess.js:365:679)
	at new w (/usr/share/code/resources/app/out/vs/workbench/services/extensions/node/extensionHostProcess.js:365:547)
	at new w (/usr/share/code/resources/app/out/vs/workbench/services/extensions/node/extensionHostProcess.js:354:169)
	at asDocumentSymbol (/home/sachin/.vscode/extensions/ms-vscode.go-0.11.9/node_modules/vscode-languageclient/lib/protocolConverter.js:396:22)
	at Array.map (<anonymous>)
	at Object.asDocumentSymbols (/home/sachin/.vscode/extensions/ms-vscode.go-0.11.9/node_modules/vscode-languageclient/lib/protocolConverter.js:393:23)
	at /home/sachin/.vscode/extensions/ms-vscode.go-0.11.9/node_modules/vscode-languageclient/lib/client.js:1002:62
[2019-12-19 02:29:14.476] [exthost] [warning] ms-vscode.Go - Code actions of kind 'source.organizeImports 'requested but returned code action is of kind 'quickfix'. Code action will be dropped. Please check 'CodeActionContext.only' to only return requested code actions.
[2019-12-19 02:29:43.790] [exthost] [warning] ms-vscode.Go - Code actions of kind 'source.organizeImports 'requested but returned code action is of kind 'quickfix'. Code action will be dropped. Please check 'CodeActionContext.only' to only return requested code actions.
[2019-12-19 02:31:32.106] [exthost] [warning] ms-vscode.Go - Code actions of kind 'source.organizeImports 'requested but returned code action is of kind 'quickfix'. Code action will be dropped. Please check 'CodeActionContext.only' to only return requested code actions.
[2019-12-19 02:31:54.511] [exthost] [warning] ms-vscode.Go - Code actions of kind 'source.organizeImports 'requested but returned code action is of kind 'quickfix'. Code action will be dropped. Please check 'CodeActionContext.only' to only return requested code actions.
[2019-12-19 02:32:24.085] [exthost] [warning] ms-vscode.Go - Code actions of kind 'source.organizeImports 'requested but returned code action is of kind 'quickfix'. Code action will be dropped. Please check 'CodeActionContext.only' to only return requested code actions.
[2019-12-19 02:32:27.982] [exthost] [warning] ms-vscode.Go - Code actions of kind 'source.organizeImports 'requested but returned code action is of kind 'quickfix'. Code action will be dropped. Please check 'CodeActionContext.only' to only return requested code actions.
[2019-12-19 11:49:37.527] [exthost] [warning] ms-vscode.Go - Code actions of kind 'source.organizeImports 'requested but returned code action is of kind 'quickfix'. Code action will be dropped. Please check 'CodeActionContext.only' to only return requested code actions.
[2019-12-19 11:52:09.626] [exthost] [info] ExtensionService#_doActivateExtension VisualStudioExptTeam.vscodeintellicode {"startup":false,"extensionId":{"value":"VisualStudioExptTeam.vscodeintellicode","_lower":"visualstudioexptteam.vscodeintellicode"},"activationEvent":"onLanguage:sql"}
[2019-12-19 11:52:09.627] [exthost] [info] ExtensionService#loadCommonJSModule file:///home/sachin/.vscode/extensions/visualstudioexptteam.vscodeintellicode-1.2.0/dist/intellicode
[2019-12-19 11:52:11.530] [exthost] [info] ExtensionService#_doActivateExtension ms-mssql.mssql {"startup":false,"extensionId":{"value":"VisualStudioExptTeam.vscodeintellicode","_lower":"visualstudioexptteam.vscodeintellicode"},"activationEvent":"api"}
[2019-12-19 11:52:11.531] [exthost] [info] ExtensionService#loadCommonJSModule file:///home/sachin/.vscode/extensions/ms-mssql.mssql-1.8.0/out/src/extension
[2019-12-19 12:14:26.642] [exthost] [info] ExtensionService#_doActivateExtension vscode.configuration-editing {"startup":false,"extensionId":{"value":"vscode.configuration-editing","_lower":"vscode.configuration-editing"},"activationEvent":"onLanguage:jsonc"}
[2019-12-19 12:14:26.643] [exthost] [info] ExtensionService#loadCommonJSModule file:///usr/share/code/resources/app/extensions/configuration-editing/dist/extension
[2019-12-19 12:14:26.764] [exthost] [info] ExtensionService#_doActivateExtension vscode.json-language-features {"startup":false,"extensionId":{"value":"vscode.json-language-features","_lower":"vscode.json-language-features"},"activationEvent":"onLanguage:jsonc"}
[2019-12-19 12:14:26.765] [exthost] [info] ExtensionService#loadCommonJSModule file:///usr/share/code/resources/app/extensions/json-language-features/client/dist/jsonMain
[2019-12-19 12:14:26.971] [exthost] [info] ExtensionService#_doActivateExtension vscode.typescript-language-features {"startup":false,"extensionId":{"value":"vscode.typescript-language-features","_lower":"vscode.typescript-language-features"},"activationEvent":"onLanguage:jsonc"}
[2019-12-19 12:14:26.971] [exthost] [info] ExtensionService#loadCommonJSModule file:///usr/share/code/resources/app/extensions/typescript-language-features/dist/extension
[2019-12-19 12:31:22.311] [exthost] [warning] ms-vscode.Go - Code actions of kind 'source.organizeImports 'requested but returned code action is of kind 'quickfix'. Code action will be dropped. Please check 'CodeActionContext.only' to only return requested code actions.
[2019-12-19 12:31:22.312] [exthost] [warning] ms-vscode.Go - Code actions of kind 'source.organizeImports 'requested but returned code action is of kind 'quickfix'. Code action will be dropped. Please check 'CodeActionContext.only' to only return requested code actions.
